-------------------------------------------------------------------------------
Test set: com.platinum.ctacorriente.test.ConexionBDTest
-------------------------------------------------------------------------------
Tests run: 1, Failures: 0, Errors: 1, Skipped: 0, Time elapsed: 0.091 s <<< FAILURE! - in com.platinum.ctacorriente.test.ConexionBDTest
testConexionExitosa(com.platinum.ctacorriente.test.ConexionBDTest)  Time elapsed: 0.091 s  <<< ERROR!
com.mysql.cj.jdbc.exceptions.CommunicationsException: 
Communications link failure

The last packet sent successfully to the server was 0 milliseconds ago. The driver has not received any packets from the server.
	at com.platinum.ctacorriente.test.ConexionBDTest.testConexionExitosa(ConexionBDTest.java:12)
Caused by: com.mysql.cj.exceptions.CJCommunicationsException: 
Communications link failure

The last packet sent successfully to the server was 0 milliseconds ago. The driver has not received any packets from the server.
	at com.platinum.ctacorriente.test.ConexionBDTest.testConexionExitosa(ConexionBDTest.java:12)
Caused by: java.net.ConnectException: Connection refused: connect
	at com.platinum.ctacorriente.test.ConexionBDTest.testConexionExitosa(ConexionBDTest.java:12)

